<?xml version="1.0" encoding="UTF-8"?>
<Site BuildName="(empty)"
	BuildStamp="20250201-1414-Experimental"
	Name="(empty)"
	Generator="ctest-3.16.3"
	CompilerName=""
	CompilerVersion=""
	OSName="Linux"
	Hostname="krzysiek89"
	OSRelease="5.15.0-130-generic"
	OSVersion="#140~20.04.1-Ubuntu SMP Wed Dec 18 21:35:34 UTC 2024"
	OSPlatform="x86_64"
	Is64Bits="1"
	VendorString="GenuineIntel"
	VendorID="Intel Corporation"
	FamilyID="6"
	ModelID="141"
	ProcessorCacheSize="24576"
	NumberOfLogicalCPU="16"
	NumberOfPhysicalCPU="8"
	TotalVirtualMemory="2047"
	TotalPhysicalMemory="15689"
	LogicalProcessorsPerPhysical="2"
	ProcessorClockFrequency="800.004"
	>
	<Testing>
		<StartDateTime>Feb 01 16:27 CET</StartDateTime>
		<StartTestTime>1738423638</StartTestTime>
		<TestList>
			<Test>./test/ExampleTests</Test>
		</TestList>
		<Test Status="failed">
			<Name>ExampleTests</Name>
			<Path>./test</Path>
			<FullName>./test/ExampleTests</FullName>
			<FullCommandLine>/home/krzysiek89/Desktop/CPP_programs/GoogleTest/build/test/ExampleTests</FullCommandLine>
			<Results>
				<NamedMeasurement type="text/string" name="Exit Code">
					<Value>Failed</Value>
				</NamedMeasurement>
				<NamedMeasurement type="text/string" name="Exit Value">
					<Value>1</Value>
				</NamedMeasurement>
				<NamedMeasurement type="numeric/double" name="Execution Time">
					<Value>0.0068698</Value>
				</NamedMeasurement>
				<NamedMeasurement type="numeric/double" name="Processors">
					<Value>1</Value>
				</NamedMeasurement>
				<NamedMeasurement type="text/string" name="Completion Status">
					<Value>Completed</Value>
				</NamedMeasurement>
				<NamedMeasurement type="text/string" name="Command Line">
					<Value>/home/krzysiek89/Desktop/CPP_programs/GoogleTest/build/test/ExampleTests</Value>
				</NamedMeasurement>
				<Measurement>
					<Value encoding="base64" compression="gzip">eJy1Uk1PAjEQvfdXjDdIpED0YDbxQMKCJmoMrHogxJQyuzTptms/AP+93V1A1gSDB+c0nXnzXt50Jl4poTLImVCtNqRG50BpN9M6k+jQuuPUGt7Nyuy9hFPOyez2EHOY7Lj6UGJqrl1uvXBIyaxziDmMpV4wWfdRrYXRKkcVsOg6vvgBPuaMtywvJCahYMkMJi9PUMW80aFDzLWyzjCH47LyyLjRlgR3lZkGlhdFdBPBiAnpDZJXJj2CTiNImbRIAAbceSb373hbIHe4jMAZj+Q0Z//qm3Q/BPgRqIT7DALgVmgR1qWejYJOxQeQesWd0KpPSmNvK8FXIOxe/he96//QS+6EPUBCTUhchrggYfswGtw/xMMztw+tHuS2fd7f1mBw2jHZJucdj0NmOku9Uc3TPHWSYJiiTZ1g6XkwndaWehXW0qbRmuESpLDlfhco9Sb68y4ICUS7iSSeJuQLXyYm9A==</Value>
				</Measurement>
			</Results>
		</Test>
		<EndDateTime>Feb 01 16:27 CET</EndDateTime>
		<EndTestTime>1738423638</EndTestTime>
		<ElapsedMinutes>0</ElapsedMinutes>
	</Testing>
</Site>
